<?xml version="1.0" encoding="UTF-8"?>
<!-- Generated by org.testng.reporters.JUnitReportReporter -->
<testsuite hostname="DESKTOP-CQBUTGG" failures="0" tests="1" name="com.inetbanking.testCases.TC_001_LoginTest" time="5.162" errors="0" timestamp="2022-08-18T14:27:00 IST" skipped="0">
  <testcase classname="com.inetbanking.testCases.TC_001_LoginTest" name="loginTest" time="5.162"/>
  <system-out/>
</testsuite> <!-- com.inetbanking.testCases.TC_001_LoginTest -->
