<?xml version="1.0" encoding="UTF-8"?>
<!-- Generated by org.testng.reporters.JUnitReportReporter -->
<testsuite hostname="DESKTOP-CQBUTGG" failures="0" tests="1" name="com.inetbanking.testCases.TC_Logintest_001" time="3.230" errors="0" timestamp="2022-08-20T21:31:07 IST" skipped="0">
  <testcase classname="com.inetbanking.testCases.TC_Logintest_001" name="loginTest" time="3.230"/>
  <system-out/>
</testsuite> <!-- com.inetbanking.testCases.TC_Logintest_001 -->
